<?xml version="1.0" encoding="UTF-8"?>
<testsuite xmlns:xsi="http://www.w3.org/2001/XMLSchema-instance" xsi:noNamespaceSchemaLocation="https://maven.apache.org/surefire/maven-surefire-plugin/xsd/surefire-test-report-3.0.xsd" version="3.0" name="com.petclinic.vet.controller.SpecialtyControllerTest" time="3.417" tests="13" errors="0" skipped="0" failures="0">
  <properties>
[...]
</properties>
  <testcase name="addSpecialty_nullName_returns400" classname="com.petclinic.vet.controller.SpecialtyControllerTest" time="0.346">
    <system-out><![CDATA[09:03:37.468 [main] INFO org.springframework.test.context.support.AnnotationConfigContextLoaderUtils -- Could not detect default configuration classes for test class [com.petclinic.vet.controller.SpecialtyControllerTest]: SpecialtyControllerTest does not declare any static, non-private, non-final, nested classes annotated with @Configuration.
09:03:37.702 [main] INFO org.springframework.boot.test.context.SpringBootTestContextBootstrapper -- Found @SpringBootConfiguration com.petclinic.vet.VetServiceApplication for test class com.petclinic.vet.controller.SpecialtyControllerTest

  .   ____          _            __ _ _
 /\\ / ___'_ __ _ _(_)_ __  __ _ \ \ \ \
( ( )\___ | '_ | '_| | '_ \/ _` | \ \ \ \
 \\/  ___)| |_)| | | | | || (_| |  ) ) ) )
  '  |____| .__|_| |_|_| |_\__, | / / / /
 =========|_|==============|___/=/_/_/_/
 :: Spring Boot ::                (v3.2.5)

2026-05-19T09:03:38.338Z  INFO 9512 --- [vet-service] [           main] c.p.v.c.SpecialtyControllerTest          : Starting SpecialtyControllerTest using Java 17.0.13 with PID 9512 (started by ubuntu in /home/ubuntu/repos/ts-java-spring-petclinic-rest-api/vet-service)
2026-05-19T09:03:38.340Z DEBUG 9512 --- [vet-service] [           main] c.p.v.c.SpecialtyControllerTest          : Running with Spring Boot v3.2.5, Spring v6.1.6
2026-05-19T09:03:38.340Z  INFO 9512 --- [vet-service] [           main] c.p.v.c.SpecialtyControllerTest          : The following 1 profile is active: "dev"
2026-05-19T09:03:38.367Z DEBUG 9512 --- [vet-service] [           main] o.s.w.c.s.GenericWebApplicationContext   : Refreshing org.springframework.web.context.support.GenericWebApplicationContext@17e8caf2
2026-05-19T09:03:39.574Z DEBUG 9512 --- [vet-service] [           main] s.w.s.m.m.a.RequestMappingHandlerMapping : 7 mappings in 'requestMappingHandlerMapping'
2026-05-19T09:03:39.734Z DEBUG 9512 --- [vet-service] [           main] o.s.w.s.handler.SimpleUrlHandlerMapping  : Patterns [/webjars/**, /**] in 'resourceHandlerMapping'
2026-05-19T09:03:39.791Z DEBUG 9512 --- [vet-service] [           main] s.w.s.m.m.a.RequestMappingHandlerAdapter : ControllerAdvice beans: 0 @ModelAttribute, 0 @InitBinder, 1 RequestBodyAdvice, 1 ResponseBodyAdvice
2026-05-19T09:03:39.857Z DEBUG 9512 --- [vet-service] [           main] .m.m.a.ExceptionHandlerExceptionResolver : ControllerAdvice beans: 1 @ExceptionHandler, 1 ResponseBodyAdvice
2026-05-19T09:03:39.984Z  INFO 9512 --- [vet-service] [           main] o.s.b.t.m.w.SpringBootMockServletContext : Initializing Spring TestDispatcherServlet ''
2026-05-19T09:03:39.985Z  INFO 9512 --- [vet-service] [           main] o.s.t.web.servlet.TestDispatcherServlet  : Initializing Servlet ''
2026-05-19T09:03:39.988Z  INFO 9512 --- [vet-service] [           main] o.s.t.web.servlet.TestDispatcherServlet  : Completed initialization in 2 ms
2026-05-19T09:03:40.025Z  INFO 9512 --- [vet-service] [           main] c.p.v.c.SpecialtyControllerTest          : Started SpecialtyControllerTest in 2.224 seconds (process running for 5.934)
2026-05-19T09:03:40.102Z DEBUG 9512 --- [vet-service] [           main] s.w.s.m.m.a.RequestMappingHandlerMapping : Mapped to com.petclinic.vet.controller.SpecialtyController#addSpecialty(SpecialtyRequestDto)
2026-05-19T09:03:40.224Z DEBUG 9512 --- [vet-service] [           main] m.m.a.RequestResponseBodyMethodProcessor : Read "application/json;charset=UTF-8" to [com.petclinic.vet.dto.SpecialtyRequestDto@1475cdbb]
2026-05-19T09:03:40.320Z DEBUG 9512 --- [vet-service] [           main] .m.m.a.ExceptionHandlerExceptionResolver : Using @ExceptionHandler com.petclinic.vet.exception.GlobalExceptionHandler#handleValidationErrors(MethodArgumentNotValidException)
2026-05-19T09:03:40.352Z DEBUG 9512 --- [vet-service] [           main] o.s.w.s.m.m.a.HttpEntityMethodProcessor  : Using 'application/problem+json', given [*/*] and supported [application/problem+json]
2026-05-19T09:03:40.357Z DEBUG 9512 --- [vet-service] [           main] o.s.w.s.m.m.a.HttpEntityMethodProcessor  : Writing [ProblemDetail[type='about:blank', title='Bad Request', status=400, detail='Validation failed', insta (truncated)...]
2026-05-19T09:03:40.371Z DEBUG 9512 --- [vet-service] [           main] .m.m.a.ExceptionHandlerExceptionResolver : Resolved [org.springframework.web.bind.MethodArgumentNotValidException: Validation failed for argument [0] in public org.springframework.http.ResponseEntity<com.petclinic.vet.dto.SpecialtyResponseDto> com.petclinic.vet.controller.SpecialtyController.addSpecialty(com.petclinic.vet.dto.SpecialtyRequestDto): [Field error in object 'specialtyRequestDto' on field 'name': rejected value [null]; codes [NotBlank.specialtyRequestDto.name,NotBlank.name,NotBlank.java.lang.String,NotBlank]; arguments [org.springframework.context.support.DefaultMessageSourceResolvable: codes [specialtyRequestDto.name,name]; arguments []; default message [name]]; default message [Specialty name is required]] ]
]]></system-out>
  </testcase>
  <testcase name="addSpecialty_blankName_returns400" classname="com.petclinic.vet.controller.SpecialtyControllerTest" time="0.068">
    <system-out><![CDATA[2026-05-19T09:03:40.393Z DEBUG 9512 --- [vet-service] [           main] s.w.s.m.m.a.RequestMappingHandlerMapping : Mapped to com.petclinic.vet.controller.SpecialtyController#addSpecialty(SpecialtyRequestDto)
2026-05-19T09:03:40.394Z DEBUG 9512 --- [vet-service] [           main] m.m.a.RequestResponseBodyMethodProcessor : Read "application/json;charset=UTF-8" to [com.petclinic.vet.dto.SpecialtyRequestDto@7e654c]
2026-05-19T09:03:40.395Z DEBUG 9512 --- [vet-service] [           main] .m.m.a.ExceptionHandlerExceptionResolver : Using @ExceptionHandler com.petclinic.vet.exception.GlobalExceptionHandler#handleValidationErrors(MethodArgumentNotValidException)
2026-05-19T09:03:40.396Z DEBUG 9512 --- [vet-service] [           main] o.s.w.s.m.m.a.HttpEntityMethodProcessor  : Using 'application/problem+json', given [*/*] and supported [application/problem+json]
2026-05-19T09:03:40.396Z DEBUG 9512 --- [vet-service] [           main] o.s.w.s.m.m.a.HttpEntityMethodProcessor  : Writing [ProblemDetail[type='about:blank', title='Bad Request', status=400, detail='Validation failed', insta (truncated)...]
2026-05-19T09:03:40.398Z DEBUG 9512 --- [vet-service] [           main] .m.m.a.ExceptionHandlerExceptionResolver : Resolved [org.springframework.web.bind.MethodArgumentNotValidException: Validation failed for argument [0] in public org.springframework.http.ResponseEntity<com.petclinic.vet.dto.SpecialtyResponseDto> com.petclinic.vet.controller.SpecialtyController.addSpecialty(com.petclinic.vet.dto.SpecialtyRequestDto) with 2 errors: [Field error in object 'specialtyRequestDto' on field 'name': rejected value []; codes [NotBlank.specialtyRequestDto.name,NotBlank.name,NotBlank.java.lang.String,NotBlank]; arguments [org.springframework.context.support.DefaultMessageSourceResolvable: codes [specialtyRequestDto.name,name]; arguments []; default message [name]]; default message [Specialty name is required]] [Field error in object 'specialtyRequestDto' on field 'name': rejected value []; codes [Size.specialtyRequestDto.name,Size.name,Size.java.lang.String,Size]; arguments [org.springframework.context.support.DefaultMessageSourceResolvable: codes [specialtyRequestDto.name,name]; arguments []; default message [name],80,1]; default message [Specialty name must be between 1 and 80 characters]] ]
]]></system-out>
  </testcase>
  <testcase name="addSpecialty_returns201" classname="com.petclinic.vet.controller.SpecialtyControllerTest" time="0.014">
    <system-out><![CDATA[2026-05-19T09:03:40.462Z DEBUG 9512 --- [vet-service] [           main] s.w.s.m.m.a.RequestMappingHandlerMapping : Mapped to com.petclinic.vet.controller.SpecialtyController#addSpecialty(SpecialtyRequestDto)
2026-05-19T09:03:40.464Z DEBUG 9512 --- [vet-service] [           main] m.m.a.RequestResponseBodyMethodProcessor : Read "application/json;charset=UTF-8" to [com.petclinic.vet.dto.SpecialtyRequestDto@4528c187]
2026-05-19T09:03:40.468Z DEBUG 9512 --- [vet-service] [           main] o.s.w.s.m.m.a.HttpEntityMethodProcessor  : Using 'application/json', given [*/*] and supported [application/json, application/*+json]
2026-05-19T09:03:40.469Z DEBUG 9512 --- [vet-service] [           main] o.s.w.s.m.m.a.HttpEntityMethodProcessor  : Writing [com.petclinic.vet.dto.SpecialtyResponseDto@3ac09fe2]
]]></system-out>
  </testcase>
  <testcase name="addSpecialty_duplicate_returns409" classname="com.petclinic.vet.controller.SpecialtyControllerTest" time="0.012">
    <system-out><![CDATA[2026-05-19T09:03:40.479Z DEBUG 9512 --- [vet-service] [           main] s.w.s.m.m.a.RequestMappingHandlerMapping : Mapped to com.petclinic.vet.controller.SpecialtyController#addSpecialty(SpecialtyRequestDto)
2026-05-19T09:03:40.480Z DEBUG 9512 --- [vet-service] [           main] m.m.a.RequestResponseBodyMethodProcessor : Read "application/json;charset=UTF-8" to [com.petclinic.vet.dto.SpecialtyRequestDto@2c4af3ae]
2026-05-19T09:03:40.482Z DEBUG 9512 --- [vet-service] [           main] .m.m.a.ExceptionHandlerExceptionResolver : Using @ExceptionHandler com.petclinic.vet.exception.GlobalExceptionHandler#handleDuplicateResource(DuplicateResourceException)
2026-05-19T09:03:40.482Z DEBUG 9512 --- [vet-service] [           main] o.s.w.s.m.m.a.HttpEntityMethodProcessor  : Using 'application/problem+json', given [*/*] and supported [application/problem+json]
2026-05-19T09:03:40.483Z DEBUG 9512 --- [vet-service] [           main] o.s.w.s.m.m.a.HttpEntityMethodProcessor  : Writing [ProblemDetail[type='about:blank', title='Duplicate Resource', status=409, detail='Specialty with nam (truncated)...]
2026-05-19T09:03:40.483Z DEBUG 9512 --- [vet-service] [           main] .m.m.a.ExceptionHandlerExceptionResolver : Resolved [com.petclinic.vet.exception.DuplicateResourceException: Specialty with name 'radiology' already exists]
]]></system-out>
  </testcase>
  <testcase name="getSpecialty_returns200" classname="com.petclinic.vet.controller.SpecialtyControllerTest" time="0.008">
    <system-out><![CDATA[2026-05-19T09:03:40.490Z DEBUG 9512 --- [vet-service] [           main] s.w.s.m.m.a.RequestMappingHandlerMapping : Mapped to com.petclinic.vet.controller.SpecialtyController#getSpecialty(Integer)
2026-05-19T09:03:40.493Z DEBUG 9512 --- [vet-service] [           main] o.s.w.s.m.m.a.HttpEntityMethodProcessor  : Using 'application/json', given [*/*] and supported [application/json, application/*+json]
2026-05-19T09:03:40.493Z DEBUG 9512 --- [vet-service] [           main] o.s.w.s.m.m.a.HttpEntityMethodProcessor  : Writing [com.petclinic.vet.dto.SpecialtyResponseDto@b78dcdf]
]]></system-out>
  </testcase>
  <testcase name="getSpecialty_returns404" classname="com.petclinic.vet.controller.SpecialtyControllerTest" time="0.008">
    <system-out><![CDATA[2026-05-19T09:03:40.500Z DEBUG 9512 --- [vet-service] [           main] s.w.s.m.m.a.RequestMappingHandlerMapping : Mapped to com.petclinic.vet.controller.SpecialtyController#getSpecialty(Integer)
2026-05-19T09:03:40.501Z DEBUG 9512 --- [vet-service] [           main] .m.m.a.ExceptionHandlerExceptionResolver : Using @ExceptionHandler com.petclinic.vet.exception.GlobalExceptionHandler#handleResourceNotFound(ResourceNotFoundException)
2026-05-19T09:03:40.501Z DEBUG 9512 --- [vet-service] [           main] o.s.w.s.m.m.a.HttpEntityMethodProcessor  : Using 'application/problem+json', given [*/*] and supported [application/problem+json]
2026-05-19T09:03:40.501Z DEBUG 9512 --- [vet-service] [           main] o.s.w.s.m.m.a.HttpEntityMethodProcessor  : Writing [ProblemDetail[type='about:blank', title='Resource Not Found', status=404, detail='Specialty not foun (truncated)...]
2026-05-19T09:03:40.502Z DEBUG 9512 --- [vet-service] [           main] .m.m.a.ExceptionHandlerExceptionResolver : Resolved [com.petclinic.vet.exception.ResourceNotFoundException: Specialty not found with id: 99]
]]></system-out>
  </testcase>
  <testcase name="listSpecialties_returns200" classname="com.petclinic.vet.controller.SpecialtyControllerTest" time="0.013">
    <system-out><![CDATA[2026-05-19T09:03:40.509Z DEBUG 9512 --- [vet-service] [           main] s.w.s.m.m.a.RequestMappingHandlerMapping : Mapped to com.petclinic.vet.controller.SpecialtyController#listSpecialties()
2026-05-19T09:03:40.511Z DEBUG 9512 --- [vet-service] [           main] o.s.w.s.m.m.a.HttpEntityMethodProcessor  : Using 'application/json', given [*/*] and supported [application/json, application/*+json]
2026-05-19T09:03:40.512Z DEBUG 9512 --- [vet-service] [           main] o.s.w.s.m.m.a.HttpEntityMethodProcessor  : Writing [[com.petclinic.vet.dto.SpecialtyResponseDto@75cb2090, com.petclinic.vet.dto.SpecialtyResponseDto@381 (truncated)...]
]]></system-out>
  </testcase>
  <testcase name="listSpecialties_empty" classname="com.petclinic.vet.controller.SpecialtyControllerTest" time="0.008">
    <system-out><![CDATA[2026-05-19T09:03:40.524Z DEBUG 9512 --- [vet-service] [           main] s.w.s.m.m.a.RequestMappingHandlerMapping : Mapped to com.petclinic.vet.controller.SpecialtyController#listSpecialties()
2026-05-19T09:03:40.526Z DEBUG 9512 --- [vet-service] [           main] o.s.w.s.m.m.a.HttpEntityMethodProcessor  : Using 'application/json', given [*/*] and supported [application/json, application/*+json]
2026-05-19T09:03:40.526Z DEBUG 9512 --- [vet-service] [           main] o.s.w.s.m.m.a.HttpEntityMethodProcessor  : Writing [[]]
]]></system-out>
  </testcase>
  <testcase name="updateSpecialty_invalidBody_returns400" classname="com.petclinic.vet.controller.SpecialtyControllerTest" time="0.009">
    <system-out><![CDATA[2026-05-19T09:03:40.532Z DEBUG 9512 --- [vet-service] [           main] s.w.s.m.m.a.RequestMappingHandlerMapping : Mapped to com.petclinic.vet.controller.SpecialtyController#updateSpecialty(Integer, SpecialtyRequestDto)
2026-05-19T09:03:40.534Z DEBUG 9512 --- [vet-service] [           main] m.m.a.RequestResponseBodyMethodProcessor : Read "application/json;charset=UTF-8" to [com.petclinic.vet.dto.SpecialtyRequestDto@1000fbae]
2026-05-19T09:03:40.535Z DEBUG 9512 --- [vet-service] [           main] .m.m.a.ExceptionHandlerExceptionResolver : Using @ExceptionHandler com.petclinic.vet.exception.GlobalExceptionHandler#handleValidationErrors(MethodArgumentNotValidException)
2026-05-19T09:03:40.535Z DEBUG 9512 --- [vet-service] [           main] o.s.w.s.m.m.a.HttpEntityMethodProcessor  : Using 'application/problem+json', given [*/*] and supported [application/problem+json]
2026-05-19T09:03:40.536Z DEBUG 9512 --- [vet-service] [           main] o.s.w.s.m.m.a.HttpEntityMethodProcessor  : Writing [ProblemDetail[type='about:blank', title='Bad Request', status=400, detail='Validation failed', insta (truncated)...]
2026-05-19T09:03:40.537Z DEBUG 9512 --- [vet-service] [           main] .m.m.a.ExceptionHandlerExceptionResolver : Resolved [org.springframework.web.bind.MethodArgumentNotValidException: Validation failed for argument [1] in public org.springframework.http.ResponseEntity<com.petclinic.vet.dto.SpecialtyResponseDto> com.petclinic.vet.controller.SpecialtyController.updateSpecialty(java.lang.Integer,com.petclinic.vet.dto.SpecialtyRequestDto) with 2 errors: [Field error in object 'specialtyRequestDto' on field 'name': rejected value []; codes [NotBlank.specialtyRequestDto.name,NotBlank.name,NotBlank.java.lang.String,NotBlank]; arguments [org.springframework.context.support.DefaultMessageSourceResolvable: codes [specialtyRequestDto.name,name]; arguments []; default message [name]]; default message [Specialty name is required]] [Field error in object 'specialtyRequestDto' on field 'name': rejected value []; codes [Size.specialtyRequestDto.name,Size.name,Size.java.lang.String,Size]; arguments [org.springframework.context.support.DefaultMessageSourceResolvable: codes [specialtyRequestDto.name,name]; arguments []; default message [name],80,1]; default message [Specialty name must be between 1 and 80 characters]] ]
]]></system-out>
  </testcase>
  <testcase name="updateSpecialty_returns200" classname="com.petclinic.vet.controller.SpecialtyControllerTest" time="0.008">
    <system-out><![CDATA[2026-05-19T09:03:40.543Z DEBUG 9512 --- [vet-service] [           main] s.w.s.m.m.a.RequestMappingHandlerMapping : Mapped to com.petclinic.vet.controller.SpecialtyController#updateSpecialty(Integer, SpecialtyRequestDto)
2026-05-19T09:03:40.544Z DEBUG 9512 --- [vet-service] [           main] m.m.a.RequestResponseBodyMethodProcessor : Read "application/json;charset=UTF-8" to [com.petclinic.vet.dto.SpecialtyRequestDto@2fe8ec31]
2026-05-19T09:03:40.545Z DEBUG 9512 --- [vet-service] [           main] o.s.w.s.m.m.a.HttpEntityMethodProcessor  : Using 'application/json', given [*/*] and supported [application/json, application/*+json]
2026-05-19T09:03:40.545Z DEBUG 9512 --- [vet-service] [           main] o.s.w.s.m.m.a.HttpEntityMethodProcessor  : Writing [com.petclinic.vet.dto.SpecialtyResponseDto@46bcdf2e]
]]></system-out>
  </testcase>
  <testcase name="updateSpecialty_returns404" classname="com.petclinic.vet.controller.SpecialtyControllerTest" time="0.008">
    <system-out><![CDATA[2026-05-19T09:03:40.551Z DEBUG 9512 --- [vet-service] [           main] s.w.s.m.m.a.RequestMappingHandlerMapping : Mapped to com.petclinic.vet.controller.SpecialtyController#updateSpecialty(Integer, SpecialtyRequestDto)
2026-05-19T09:03:40.552Z DEBUG 9512 --- [vet-service] [           main] m.m.a.RequestResponseBodyMethodProcessor : Read "application/json;charset=UTF-8" to [com.petclinic.vet.dto.SpecialtyRequestDto@5927fc8e]
2026-05-19T09:03:40.553Z DEBUG 9512 --- [vet-service] [           main] .m.m.a.ExceptionHandlerExceptionResolver : Using @ExceptionHandler com.petclinic.vet.exception.GlobalExceptionHandler#handleResourceNotFound(ResourceNotFoundException)
2026-05-19T09:03:40.554Z DEBUG 9512 --- [vet-service] [           main] o.s.w.s.m.m.a.HttpEntityMethodProcessor  : Using 'application/problem+json', given [*/*] and supported [application/problem+json]
2026-05-19T09:03:40.554Z DEBUG 9512 --- [vet-service] [           main] o.s.w.s.m.m.a.HttpEntityMethodProcessor  : Writing [ProblemDetail[type='about:blank', title='Resource Not Found', status=404, detail='Specialty not foun (truncated)...]
2026-05-19T09:03:40.555Z DEBUG 9512 --- [vet-service] [           main] .m.m.a.ExceptionHandlerExceptionResolver : Resolved [com.petclinic.vet.exception.ResourceNotFoundException: Specialty not found with id: 99]
]]></system-out>
  </testcase>
  <testcase name="deleteSpecialty_returns204" classname="com.petclinic.vet.controller.SpecialtyControllerTest" time="0.008">
    <system-out><![CDATA[2026-05-19T09:03:40.562Z DEBUG 9512 --- [vet-service] [           main] s.w.s.m.m.a.RequestMappingHandlerMapping : Mapped to com.petclinic.vet.controller.SpecialtyController#deleteSpecialty(Integer)
2026-05-19T09:03:40.564Z DEBUG 9512 --- [vet-service] [           main] o.s.w.s.m.m.a.HttpEntityMethodProcessor  : Using 'application/json', given [*/*] and supported [application/json, application/*+json]
2026-05-19T09:03:40.565Z DEBUG 9512 --- [vet-service] [           main] o.s.w.s.m.m.a.HttpEntityMethodProcessor  : Nothing to write: null body
]]></system-out>
  </testcase>
  <testcase name="deleteSpecialty_returns404" classname="com.petclinic.vet.controller.SpecialtyControllerTest" time="0.007">
    <system-out><![CDATA[2026-05-19T09:03:40.571Z DEBUG 9512 --- [vet-service] [           main] s.w.s.m.m.a.RequestMappingHandlerMapping : Mapped to com.petclinic.vet.controller.SpecialtyController#deleteSpecialty(Integer)
2026-05-19T09:03:40.572Z DEBUG 9512 --- [vet-service] [           main] .m.m.a.ExceptionHandlerExceptionResolver : Using @ExceptionHandler com.petclinic.vet.exception.GlobalExceptionHandler#handleResourceNotFound(ResourceNotFoundException)
2026-05-19T09:03:40.572Z DEBUG 9512 --- [vet-service] [           main] o.s.w.s.m.m.a.HttpEntityMethodProcessor  : Using 'application/problem+json', given [*/*] and supported [application/problem+json]
2026-05-19T09:03:40.572Z DEBUG 9512 --- [vet-service] [           main] o.s.w.s.m.m.a.HttpEntityMethodProcessor  : Writing [ProblemDetail[type='about:blank', title='Resource Not Found', status=404, detail='Specialty not foun (truncated)...]
2026-05-19T09:03:40.573Z DEBUG 9512 --- [vet-service] [           main] .m.m.a.ExceptionHandlerExceptionResolver : Resolved [com.petclinic.vet.exception.ResourceNotFoundException: Specialty not found with id: 99]
]]></system-out>
  </testcase>
</testsuite>